<?xml version="1.0" encoding="UTF-8"?>
<testsuite xmlns:xsi="http://www.w3.org/2001/XMLSchema-instance" xsi:noNamespaceSchemaLocation="https://maven.apache.org/surefire/maven-surefire-plugin/xsd/surefire-test-report-3.0.xsd" version="3.0" name="muon.app.AppTest" time="0.002" tests="1" errors="0" skipped="0" failures="0">
  <properties>
    <property name="java.specification.version" value="14"/>
    <property name="sun.management.compiler" value="HotSpot 64-Bit Tiered Compilers"/>
    <property name="sun.jnu.encoding" value="UTF-8"/>
    <property name="java.runtime.version" value="14.0.1+7"/>
    <property name="java.class.path" value="/home/huxiaomi/.m2/repository/org/apache/maven/surefire/surefire-booter/3.0.0-M3/surefire-booter-3.0.0-M3.jar:/home/huxiaomi/.m2/repository/org/apache/maven/surefire/surefire-api/3.0.0-M3/surefire-api-3.0.0-M3.jar:/home/huxiaomi/.m2/repository/org/apache/maven/surefire/surefire-logger-api/3.0.0-M3/surefire-logger-api-3.0.0-M3.jar:/home/huxiaomi/work/snowflake/muon-app/target/test-classes:/home/huxiaomi/work/snowflake/muon-app/target/classes:/home/huxiaomi/work/snowflake/muon-jediterm/target/muon-jediterm-0.0.1-SNAPSHOT.jar:/home/huxiaomi/.m2/repository/junit/junit/3.8.1/junit-3.8.1.jar:/home/huxiaomi/.m2/repository/org/apache/logging/log4j/log4j-core/2.13.0/log4j-core-2.13.0.jar:/home/huxiaomi/.m2/repository/org/apache/logging/log4j/log4j-api/2.13.0/log4j-api-2.13.0.jar:/home/huxiaomi/.m2/repository/org/apache/logging/log4j/log4j-1.2-api/2.13.0/log4j-1.2-api-2.13.0.jar:/home/huxiaomi/.m2/repository/org/slf4j/slf4j-api/1.7.30/slf4j-api-1.7.30.jar:/home/huxiaomi/.m2/repository/com/fifesoft/rsyntaxtextarea/2.6.1/rsyntaxtextarea-2.6.1.jar:/home/huxiaomi/.m2/repository/commons-net/commons-net/3.6/commons-net-3.6.jar:/home/huxiaomi/.m2/repository/com/shinyhut/vernacular/1.6/vernacular-1.6.jar:/home/huxiaomi/.m2/repository/com/fasterxml/jackson/core/jackson-databind/2.10.1/jackson-databind-2.10.1.jar:/home/huxiaomi/.m2/repository/com/fasterxml/jackson/core/jackson-annotations/2.10.1/jackson-annotations-2.10.1.jar:/home/huxiaomi/.m2/repository/com/fasterxml/jackson/core/jackson-core/2.10.1/jackson-core-2.10.1.jar:/home/huxiaomi/.m2/repository/com/fifesoft/rstaui/3.0.6/rstaui-3.0.6.jar:/home/huxiaomi/.m2/repository/com/fifesoft/autocomplete/3.0.5/autocomplete-3.0.5.jar:/home/huxiaomi/.m2/repository/org/bouncycastle/bcprov-jdk15on/1.64/bcprov-jdk15on-1.64.jar:/home/huxiaomi/.m2/repository/commons-io/commons-io/2.6/commons-io-2.6.jar:/home/huxiaomi/.m2/repository/org/tukaani/xz/1.8/xz-1.8.jar:/home/huxiaomi/.m2/repository/org/jvnet/com4j/com4j/2.1/com4j-2.1.jar:/home/huxiaomi/.m2/repository/net/java/dev/jna/jna/5.5.0/jna-5.5.0.jar:/home/huxiaomi/.m2/repository/net/java/dev/jna/jna-platform/5.5.0/jna-platform-5.5.0.jar:/home/huxiaomi/.m2/repository/net/i2p/crypto/eddsa/0.3.0/eddsa-0.3.0.jar:/home/huxiaomi/.m2/repository/com/hierynomus/sshj/0.28.0/sshj-0.28.0.jar:/home/huxiaomi/.m2/repository/org/bouncycastle/bcpkix-jdk15on/1.65/bcpkix-jdk15on-1.65.jar:/home/huxiaomi/.m2/repository/com/jcraft/jzlib/1.1.3/jzlib-1.1.3.jar:/home/huxiaomi/.m2/repository/com/jcraft/jsch/0.1.54/jsch-0.1.54.jar:/home/huxiaomi/.m2/repository/com/github/markusbernhardt/proxy-vole/1.0.1/proxy-vole-1.0.1.jar:/home/huxiaomi/.m2/repository/org/ini4j/ini4j/0.5.4/ini4j-0.5.4.jar:/home/huxiaomi/.m2/repository/org/apache/maven/surefire/surefire-junit3/3.0.0-M3/surefire-junit3-3.0.0-M3.jar:/home/huxiaomi/.m2/repository/org/apache/maven/surefire/common-junit3/3.0.0-M3/common-junit3-3.0.0-M3.jar"/>
    <property name="user.name" value="huxiaomi"/>
    <property name="java.vm.vendor" value="Oracle Corporation"/>
    <property name="path.separator" value=":"/>
    <property name="sun.arch.data.model" value="64"/>
    <property name="os.version" value="5.11.0-38-generic"/>
    <property name="java.runtime.name" value="Java(TM) SE Runtime Environment"/>
    <property name="file.encoding" value="UTF-8"/>
    <property name="java.vendor.url" value="https://java.oracle.com/"/>
    <property name="java.vm.name" value="Java HotSpot(TM) 64-Bit Server VM"/>
    <property name="java.vm.specification.version" value="14"/>
    <property name="os.name" value="Linux"/>
    <property name="sun.java.launcher" value="SUN_STANDARD"/>
    <property name="user.country" value="US"/>
    <property name="localRepository" value="/home/huxiaomi/.m2/repository"/>
    <property name="sun.boot.library.path" value="/opt/jdk-14.0.1/lib"/>
    <property name="sun.java.command" value="org.apache.maven.surefire.booter.ForkedBooter /home/huxiaomi/work/snowflake/muon-app/target/surefire 2021-10-19T15-04-50_693-jvmRun1 surefire14683096260401606550tmp surefire_06208510855349876804tmp"/>
    <property name="java.vendor.url.bug" value="https://bugreport.java.com/bugreport/"/>
    <property name="java.io.tmpdir" value="/tmp"/>
    <property name="jdk.debug" value="release"/>
    <property name="surefire.test.class.path" value="/home/huxiaomi/work/snowflake/muon-app/target/test-classes:/home/huxiaomi/work/snowflake/muon-app/target/classes:/home/huxiaomi/work/snowflake/muon-jediterm/target/muon-jediterm-0.0.1-SNAPSHOT.jar:/home/huxiaomi/.m2/repository/junit/junit/3.8.1/junit-3.8.1.jar:/home/huxiaomi/.m2/repository/org/apache/logging/log4j/log4j-core/2.13.0/log4j-core-2.13.0.jar:/home/huxiaomi/.m2/repository/org/apache/logging/log4j/log4j-api/2.13.0/log4j-api-2.13.0.jar:/home/huxiaomi/.m2/repository/org/apache/logging/log4j/log4j-1.2-api/2.13.0/log4j-1.2-api-2.13.0.jar:/home/huxiaomi/.m2/repository/org/slf4j/slf4j-api/1.7.30/slf4j-api-1.7.30.jar:/home/huxiaomi/.m2/repository/com/fifesoft/rsyntaxtextarea/2.6.1/rsyntaxtextarea-2.6.1.jar:/home/huxiaomi/.m2/repository/commons-net/commons-net/3.6/commons-net-3.6.jar:/home/huxiaomi/.m2/repository/com/shinyhut/vernacular/1.6/vernacular-1.6.jar:/home/huxiaomi/.m2/repository/com/fasterxml/jackson/core/jackson-databind/2.10.1/jackson-databind-2.10.1.jar:/home/huxiaomi/.m2/repository/com/fasterxml/jackson/core/jackson-annotations/2.10.1/jackson-annotations-2.10.1.jar:/home/huxiaomi/.m2/repository/com/fasterxml/jackson/core/jackson-core/2.10.1/jackson-core-2.10.1.jar:/home/huxiaomi/.m2/repository/com/fifesoft/rstaui/3.0.6/rstaui-3.0.6.jar:/home/huxiaomi/.m2/repository/com/fifesoft/autocomplete/3.0.5/autocomplete-3.0.5.jar:/home/huxiaomi/.m2/repository/org/bouncycastle/bcprov-jdk15on/1.64/bcprov-jdk15on-1.64.jar:/home/huxiaomi/.m2/repository/commons-io/commons-io/2.6/commons-io-2.6.jar:/home/huxiaomi/.m2/repository/org/tukaani/xz/1.8/xz-1.8.jar:/home/huxiaomi/.m2/repository/org/jvnet/com4j/com4j/2.1/com4j-2.1.jar:/home/huxiaomi/.m2/repository/net/java/dev/jna/jna/5.5.0/jna-5.5.0.jar:/home/huxiaomi/.m2/repository/net/java/dev/jna/jna-platform/5.5.0/jna-platform-5.5.0.jar:/home/huxiaomi/.m2/repository/net/i2p/crypto/eddsa/0.3.0/eddsa-0.3.0.jar:/home/huxiaomi/.m2/repository/com/hierynomus/sshj/0.28.0/sshj-0.28.0.jar:/home/huxiaomi/.m2/repository/org/bouncycastle/bcpkix-jdk15on/1.65/bcpkix-jdk15on-1.65.jar:/home/huxiaomi/.m2/repository/com/jcraft/jzlib/1.1.3/jzlib-1.1.3.jar:/home/huxiaomi/.m2/repository/com/jcraft/jsch/0.1.54/jsch-0.1.54.jar:/home/huxiaomi/.m2/repository/com/github/markusbernhardt/proxy-vole/1.0.1/proxy-vole-1.0.1.jar:/home/huxiaomi/.m2/repository/org/ini4j/ini4j/0.5.4/ini4j-0.5.4.jar:"/>
    <property name="sun.cpu.endian" value="little"/>
    <property name="java.version" value="14.0.1"/>
    <property name="user.home" value="/home/huxiaomi"/>
    <property name="user.dir" value="/home/huxiaomi/work/snowflake/muon-app"/>
    <property name="os.arch" value="amd64"/>
    <property name="user.language" value="en"/>
    <property name="java.specification.vendor" value="Oracle Corporation"/>
    <property name="java.vm.specification.name" value="Java Virtual Machine Specification"/>
    <property name="java.version.date" value="2020-04-14"/>
    <property name="java.home" value="/opt/jdk-14.0.1"/>
    <property name="file.separator" value="/"/>
    <property name="basedir" value="/home/huxiaomi/work/snowflake/muon-app"/>
    <property name="java.vm.compressedOopsMode" value="Zero based"/>
    <property name="line.separator" value="&#10;"/>
    <property name="java.library.path" value="/usr/java/packages/lib:/usr/lib64:/lib64:/lib:/usr/lib"/>
    <property name="java.vm.info" value="mixed mode, sharing"/>
    <property name="java.vm.specification.vendor" value="Oracle Corporation"/>
    <property name="java.specification.name" value="Java Platform API Specification"/>
    <property name="java.vendor" value="Oracle Corporation"/>
    <property name="java.vm.version" value="14.0.1+7"/>
    <property name="sun.io.unicode.encoding" value="UnicodeLittle"/>
    <property name="java.class.version" value="58.0"/>
  </properties>
  <testcase name="testApp" classname="muon.app.AppTest" time="0"/>
</testsuite>